# JRE version: OpenJDK Runtime Environment (11.0.2+9) (build 11.0.2+9)
# Java VM: OpenJDK 64-Bit Server VM (11.0.2+9, mixed mode, tiered, compressed oops, serial gc, linux-amd64)
Heap:
 def new generation   total 24064K, used 3556K [0x00000000b2600000, 0x00000000b4010000, 0x00000000cc400000)
  eden space 21440K,   4% used [0x00000000b2600000, 0x00000000b26e91a8, 0x00000000b3af0000)
  from space 2624K, 100% used [0x00000000b3af0000, 0x00000000b3d80000, 0x00000000b3d80000)
  to   space 2624K,   0% used [0x00000000b3d80000, 0x00000000b3d80000, 0x00000000b4010000)
 tenured generation   total 53248K, used 20150K [0x00000000cc400000, 0x00000000cf800000, 0x0000000100000000)
   the space 53248K,  37% used [0x00000000cc400000, 0x00000000cd7adb38, 0x00000000cd7adc00, 0x00000000cf800000)
 Metaspace       used 48578K, capacity 50221K, committed 50688K, reserved 1093632K
  class space    used 6423K, capacity 7086K, committed 7168K, reserved 1048576K
GC Heap History (10 events):
Event: 13,791 GC heap before
{Heap before GC invocations=15 (full 1):
 def new generation   total 24064K, used 8004K [0x00000000b2600000, 0x00000000b4010000, 0x00000000cc400000)
  eden space 21440K,  35% used [0x00000000b2600000, 0x00000000b2d76b48, 0x00000000b3af0000)
  from space 2624K,  13% used [0x00000000b3af0000, 0x00000000b3b4a890, 0x00000000b3d80000)
  to   space 2624K,   0% used [0x00000000b3d80000, 0x00000000b3d80000, 0x00000000b4010000)
 tenured generation   total 53248K, used 17983K [0x00000000cc400000, 0x00000000cf800000, 0x0000000100000000)
   the space 53248K,  33% used [0x00000000cc400000, 0x00000000cd58fe10, 0x00000000cd590000, 0x00000000cf800000)
 Metaspace       used 34032K, capacity 35188K, committed 35328K, reserved 1079296K
  class space    used 4355K, capacity 4810K, committed 4864K, reserved 1048576K
}
Event: 13,965 GC heap after
{Heap after GC invocations=16 (full 2):
 def new generation   total 24064K, used 0K [0x00000000b2600000, 0x00000000b4010000, 0x00000000cc400000)
  eden space 21440K,   0% used [0x00000000b2600000, 0x00000000b2600000, 0x00000000b3af0000)
  from space 2624K,   0% used [0x00000000b3af0000, 0x00000000b3af0000, 0x00000000b3d80000)
  to   space 2624K,   0% used [0x00000000b3d80000, 0x00000000b3d80000, 0x00000000b4010000)
 tenured generation   total 53248K, used 18506K [0x00000000cc400000, 0x00000000cf800000, 0x0000000100000000)
   the space 53248K,  34% used [0x00000000cc400000, 0x00000000cd612a88, 0x00000000cd612c00, 0x00000000cf800000)
 Metaspace       used 34032K, capacity 35188K, committed 35328K, reserved 1079296K
  class space    used 4355K, capacity 4810K, committed 4864K, reserved 1048576K
}
Event: 15,234 GC heap before
{Heap before GC invocations=16 (full 2):
 def new generation   total 24064K, used 21440K [0x00000000b2600000, 0x00000000b4010000, 0x00000000cc400000)
  eden space 21440K, 100% used [0x00000000b2600000, 0x00000000b3af0000, 0x00000000b3af0000)
  from space 2624K,   0% used [0x00000000b3af0000, 0x00000000b3af0000, 0x00000000b3d80000)
  to   space 2624K,   0% used [0x00000000b3d80000, 0x00000000b3d80000, 0x00000000b4010000)
 tenured generation   total 53248K, used 18506K [0x00000000cc400000, 0x00000000cf800000, 0x0000000100000000)
   the space 53248K,  34% used [0x00000000cc400000, 0x00000000cd612a88, 0x00000000cd612c00, 0x00000000cf800000)
 Metaspace       used 37308K, capacity 38700K, committed 38912K, reserved 1083392K
  class space    used 4775K, capacity 5331K, committed 5376K, reserved 1048576K
}
Event: 15,239 GC heap after
{Heap after GC invocations=17 (full 2):
 def new generation   total 24064K, used 826K [0x00000000b2600000, 0x00000000b4010000, 0x00000000cc400000)
  eden space 21440K,   0% used [0x00000000b2600000, 0x00000000b2600000, 0x00000000b3af0000)
  from space 2624K,  31% used [0x00000000b3d80000, 0x00000000b3e4e990, 0x00000000b4010000)
  to   space 2624K,   0% used [0x00000000b3af0000, 0x00000000b3af0000, 0x00000000b3d80000)
 tenured generation   total 53248K, used 18506K [0x00000000cc400000, 0x00000000cf800000, 0x0000000100000000)
   the space 53248K,  34% used [0x00000000cc400000, 0x00000000cd612a88, 0x00000000cd612c00, 0x00000000cf800000)
 Metaspace       used 37308K, capacity 38700K, committed 38912K, reserved 1083392K
  class space    used 4775K, capacity 5331K, committed 5376K, reserved 1048576K
}
Event: 15,796 GC heap before
{Heap before GC invocations=17 (full 2):
 def new generation   total 24064K, used 22266K [0x00000000b2600000, 0x00000000b4010000, 0x00000000cc400000)
  eden space 21440K, 100% used [0x00000000b2600000, 0x00000000b3af0000, 0x00000000b3af0000)
  from space 2624K,  31% used [0x00000000b3d80000, 0x00000000b3e4e990, 0x00000000b4010000)
  to   space 2624K,   0% used [0x00000000b3af0000, 0x00000000b3af0000, 0x00000000b3d80000)
 tenured generation   total 53248K, used 18506K [0x00000000cc400000, 0x00000000cf800000, 0x0000000100000000)
   the space 53248K,  34% used [0x00000000cc400000, 0x00000000cd612a88, 0x00000000cd612c00, 0x00000000cf800000)
 Metaspace       used 39831K, capacity 41434K, committed 41728K, reserved 1085440K
  class space    used 5157K, capacity 5801K, committed 5888K, reserved 1048576K
}
Event: 15,806 GC heap after
{Heap after GC invocations=18 (full 2):
 def new generation   total 24064K, used 1440K [0x00000000b2600000, 0x00000000b4010000, 0x00000000cc400000)
  eden space 21440K,   0% used [0x00000000b2600000, 0x00000000b2600000, 0x00000000b3af0000)
  from space 2624K,  54% used [0x00000000b3af0000, 0x00000000b3c58180, 0x00000000b3d80000)
  to   space 2624K,   0% used [0x00000000b3d80000, 0x00000000b3d80000, 0x00000000b4010000)
 tenured generation   total 53248K, used 18506K [0x00000000cc400000, 0x00000000cf800000, 0x0000000100000000)
   the space 53248K,  34% used [0x00000000cc400000, 0x00000000cd612a88, 0x00000000cd612c00, 0x00000000cf800000)
 Metaspace       used 39831K, capacity 41434K, committed 41728K, reserved 1085440K
  class space    used 5157K, capacity 5801K, committed 5888K, reserved 1048576K
}
Event: 16,933 GC heap before
{Heap before GC invocations=18 (full 2):
 def new generation   total 24064K, used 22880K [0x00000000b2600000, 0x00000000b4010000, 0x00000000cc400000)
  eden space 21440K, 100% used [0x00000000b2600000, 0x00000000b3af0000, 0x00000000b3af0000)
  from space 2624K,  54% used [0x00000000b3af0000, 0x00000000b3c58180, 0x00000000b3d80000)
  to   space 2624K,   0% used [0x00000000b3d80000, 0x00000000b3d80000, 0x00000000b4010000)
 tenured generation   total 53248K, used 18506K [0x00000000cc400000, 0x00000000cf800000, 0x0000000100000000)
   the space 53248K,  34% used [0x00000000cc400000, 0x00000000cd612a88, 0x00000000cd612c00, 0x00000000cf800000)
 Metaspace       used 43452K, capacity 45032K, committed 45312K, reserved 1087488K
  class space    used 5703K, capacity 6337K, committed 6400K, reserved 1048576K
}
Event: 16,942 GC heap after
{Heap after GC invocations=19 (full 2):
 def new generation   total 24064K, used 1368K [0x00000000b2600000, 0x00000000b4010000, 0x00000000cc400000)
  eden space 21440K,   0% used [0x00000000b2600000, 0x00000000b2600000, 0x00000000b3af0000)
  from space 2624K,  52% used [0x00000000b3d80000, 0x00000000b3ed60b0, 0x00000000b4010000)
  to   space 2624K,   0% used [0x00000000b3af0000, 0x00000000b3af0000, 0x00000000b3d80000)
 tenured generation   total 53248K, used 19306K [0x00000000cc400000, 0x00000000cf800000, 0x0000000100000000)
   the space 53248K,  36% used [0x00000000cc400000, 0x00000000cd6da8e8, 0x00000000cd6daa00, 0x00000000cf800000)
 Metaspace       used 43452K, capacity 45032K, committed 45312K, reserved 1087488K
  class space    used 5703K, capacity 6337K, committed 6400K, reserved 1048576K
}
Event: 17,898 GC heap before
{Heap before GC invocations=19 (full 2):
 def new generation   total 24064K, used 22808K [0x00000000b2600000, 0x00000000b4010000, 0x00000000cc400000)
  eden space 21440K, 100% used [0x00000000b2600000, 0x00000000b3af0000, 0x00000000b3af0000)
  from space 2624K,  52% used [0x00000000b3d80000, 0x00000000b3ed60b0, 0x00000000b4010000)
  to   space 2624K,   0% used [0x00000000b3af0000, 0x00000000b3af0000, 0x00000000b3d80000)
 tenured generation   total 53248K, used 19306K [0x00000000cc400000, 0x00000000cf800000, 0x0000000100000000)
   the space 53248K,  36% used [0x00000000cc400000, 0x00000000cd6da8e8, 0x00000000cd6daa00, 0x00000000cf800000)
 Metaspace       used 47948K, capacity 49514K, committed 49792K, reserved 1091584K
  class space    used 6343K, capacity 6978K, committed 7040K, reserved 1048576K
}
Event: 17,947 GC heap after
{Heap after GC invocations=20 (full 2):
 def new generation   total 24064K, used 2624K [0x00000000b2600000, 0x00000000b4010000, 0x00000000cc400000)
  eden space 21440K,   0% used [0x00000000b2600000, 0x00000000b2600000, 0x00000000b3af0000)
  from space 2624K, 100% used [0x00000000b3af0000, 0x00000000b3d80000, 0x00000000b3d80000)
  to   space 2624K,   0% used [0x00000000b3d80000, 0x00000000b3d80000, 0x00000000b4010000)
 tenured generation   total 53248K, used 20150K [0x00000000cc400000, 0x00000000cf800000, 0x0000000100000000)
   the space 53248K,  37% used [0x00000000cc400000, 0x00000000cd7adb38, 0x00000000cd7adc00, 0x00000000cf800000)
 Metaspace       used 47948K, capacity 49514K, committed 49792K, reserved 1091584K
  class space    used 6343K, capacity 6978K, committed 7040K, reserved 1048576K
}

