# JRE version: OpenJDK Runtime Environment (11.0.2+9) (build 11.0.2+9)
# Java VM: OpenJDK 64-Bit Server VM (11.0.2+9, mixed mode, tiered, compressed oops, serial gc, linux-amd64)
Heap:
 def new generation   total 24064K, used 7311K [0x00000000b2600000, 0x00000000b4010000, 0x00000000cc400000)
  eden space 21440K,  25% used [0x00000000b2600000, 0x00000000b2b5fd88, 0x00000000b3af0000)
  from space 2624K,  68% used [0x00000000b3d80000, 0x00000000b3f43f58, 0x00000000b4010000)
  to   space 2624K,   0% used [0x00000000b3af0000, 0x00000000b3af0000, 0x00000000b3d80000)
 tenured generation   total 53248K, used 30853K [0x00000000cc400000, 0x00000000cf800000, 0x0000000100000000)
   the space 53248K,  57% used [0x00000000cc400000, 0x00000000ce221558, 0x00000000ce221600, 0x00000000cf800000)
 Metaspace       used 71662K, capacity 73797K, committed 74112K, reserved 1112064K
  class space    used 9714K, capacity 10563K, committed 10624K, reserved 1048576K
GC Heap History (10 events):
Event: 11,964 GC heap before
{Heap before GC invocations=25 (full 3):
 def new generation   total 24064K, used 22715K [0x00000000b2600000, 0x00000000b4010000, 0x00000000cc400000)
  eden space 21440K, 100% used [0x00000000b2600000, 0x00000000b3af0000, 0x00000000b3af0000)
  from space 2624K,  48% used [0x00000000b3af0000, 0x00000000b3c2ec60, 0x00000000b3d80000)
  to   space 2624K,   0% used [0x00000000b3d80000, 0x00000000b3d80000, 0x00000000b4010000)
 tenured generation   total 53248K, used 25039K [0x00000000cc400000, 0x00000000cf800000, 0x0000000100000000)
   the space 53248K,  47% used [0x00000000cc400000, 0x00000000cdc73fd8, 0x00000000cdc74000, 0x00000000cf800000)
 Metaspace       used 64923K, capacity 66803K, committed 66944K, reserved 1105920K
  class space    used 8830K, capacity 9581K, committed 9600K, reserved 1048576K
}
Event: 11,981 GC heap after
{Heap after GC invocations=26 (full 3):
 def new generation   total 24064K, used 2572K [0x00000000b2600000, 0x00000000b4010000, 0x00000000cc400000)
  eden space 21440K,   0% used [0x00000000b2600000, 0x00000000b2600000, 0x00000000b3af0000)
  from space 2624K,  98% used [0x00000000b3d80000, 0x00000000b4003338, 0x00000000b4010000)
  to   space 2624K,   0% used [0x00000000b3af0000, 0x00000000b3af0000, 0x00000000b3d80000)
 tenured generation   total 53248K, used 25039K [0x00000000cc400000, 0x00000000cf800000, 0x0000000100000000)
   the space 53248K,  47% used [0x00000000cc400000, 0x00000000cdc73fd8, 0x00000000cdc74000, 0x00000000cf800000)
 Metaspace       used 64923K, capacity 66803K, committed 66944K, reserved 1105920K
  class space    used 8830K, capacity 9581K, committed 9600K, reserved 1048576K
}
Event: 12,868 GC heap before
{Heap before GC invocations=26 (full 3):
 def new generation   total 24064K, used 24012K [0x00000000b2600000, 0x00000000b4010000, 0x00000000cc400000)
  eden space 21440K, 100% used [0x00000000b2600000, 0x00000000b3af0000, 0x00000000b3af0000)
  from space 2624K,  98% used [0x00000000b3d80000, 0x00000000b4003338, 0x00000000b4010000)
  to   space 2624K,   0% used [0x00000000b3af0000, 0x00000000b3af0000, 0x00000000b3d80000)
 tenured generation   total 53248K, used 25039K [0x00000000cc400000, 0x00000000cf800000, 0x0000000100000000)
   the space 53248K,  47% used [0x00000000cc400000, 0x00000000cdc73fd8, 0x00000000cdc74000, 0x00000000cf800000)
 Metaspace       used 66992K, capacity 68858K, committed 68992K, reserved 1107968K
  class space    used 9067K, capacity 9810K, committed 9856K, reserved 1048576K
}
Event: 12,892 GC heap after
{Heap after GC invocations=27 (full 3):
 def new generation   total 24064K, used 2057K [0x00000000b2600000, 0x00000000b4010000, 0x00000000cc400000)
  eden space 21440K,   0% used [0x00000000b2600000, 0x00000000b2600000, 0x00000000b3af0000)
  from space 2624K,  78% used [0x00000000b3af0000, 0x00000000b3cf25d8, 0x00000000b3d80000)
  to   space 2624K,   0% used [0x00000000b3d80000, 0x00000000b3d80000, 0x00000000b4010000)
 tenured generation   total 53248K, used 26309K [0x00000000cc400000, 0x00000000cf800000, 0x0000000100000000)
   the space 53248K,  49% used [0x00000000cc400000, 0x00000000cddb1410, 0x00000000cddb1600, 0x00000000cf800000)
 Metaspace       used 66992K, capacity 68858K, committed 68992K, reserved 1107968K
  class space    used 9067K, capacity 9810K, committed 9856K, reserved 1048576K
}
Event: 13,891 GC heap before
{Heap before GC invocations=27 (full 3):
 def new generation   total 24064K, used 23497K [0x00000000b2600000, 0x00000000b4010000, 0x00000000cc400000)
  eden space 21440K, 100% used [0x00000000b2600000, 0x00000000b3af0000, 0x00000000b3af0000)
  from space 2624K,  78% used [0x00000000b3af0000, 0x00000000b3cf25d8, 0x00000000b3d80000)
  to   space 2624K,   0% used [0x00000000b3d80000, 0x00000000b3d80000, 0x00000000b4010000)
 tenured generation   total 53248K, used 26309K [0x00000000cc400000, 0x00000000cf800000, 0x0000000100000000)
   the space 53248K,  49% used [0x00000000cc400000, 0x00000000cddb1410, 0x00000000cddb1600, 0x00000000cf800000)
 Metaspace       used 68226K, capacity 70152K, committed 70400K, reserved 1110016K
  class space    used 9219K, capacity 9972K, committed 9984K, reserved 1048576K
}
Event: 13,913 GC heap after
{Heap after GC invocations=28 (full 3):
 def new generation   total 24064K, used 1753K [0x00000000b2600000, 0x00000000b4010000, 0x00000000cc400000)
  eden space 21440K,   0% used [0x00000000b2600000, 0x00000000b2600000, 0x00000000b3af0000)
  from space 2624K,  66% used [0x00000000b3d80000, 0x00000000b3f364c0, 0x00000000b4010000)
  to   space 2624K,   0% used [0x00000000b3af0000, 0x00000000b3af0000, 0x00000000b3d80000)
 tenured generation   total 53248K, used 27592K [0x00000000cc400000, 0x00000000cf800000, 0x0000000100000000)
   the space 53248K,  51% used [0x00000000cc400000, 0x00000000cdef22d0, 0x00000000cdef2400, 0x00000000cf800000)
 Metaspace       used 68226K, capacity 70152K, committed 70400K, reserved 1110016K
  class space    used 9219K, capacity 9972K, committed 9984K, reserved 1048576K
}
Event: 14,755 GC heap before
{Heap before GC invocations=28 (full 3):
 def new generation   total 24064K, used 23193K [0x00000000b2600000, 0x00000000b4010000, 0x00000000cc400000)
  eden space 21440K, 100% used [0x00000000b2600000, 0x00000000b3af0000, 0x00000000b3af0000)
  from space 2624K,  66% used [0x00000000b3d80000, 0x00000000b3f364c0, 0x00000000b4010000)
  to   space 2624K,   0% used [0x00000000b3af0000, 0x00000000b3af0000, 0x00000000b3d80000)
 tenured generation   total 53248K, used 27592K [0x00000000cc400000, 0x00000000cf800000, 0x0000000100000000)
   the space 53248K,  51% used [0x00000000cc400000, 0x00000000cdef22d0, 0x00000000cdef2400, 0x00000000cf800000)
 Metaspace       used 69634K, capacity 71728K, committed 71936K, reserved 1112064K
  class space    used 9418K, capacity 10233K, committed 10240K, reserved 1048576K
}
Event: 14,764 GC heap after
{Heap after GC invocations=29 (full 3):
 def new generation   total 24064K, used 2621K [0x00000000b2600000, 0x00000000b4010000, 0x00000000cc400000)
  eden space 21440K,   0% used [0x00000000b2600000, 0x00000000b2600000, 0x00000000b3af0000)
  from space 2624K,  99% used [0x00000000b3af0000, 0x00000000b3d7f4b0, 0x00000000b3d80000)
  to   space 2624K,   0% used [0x00000000b3d80000, 0x00000000b3d80000, 0x00000000b4010000)
 tenured generation   total 53248K, used 28279K [0x00000000cc400000, 0x00000000cf800000, 0x0000000100000000)
   the space 53248K,  53% used [0x00000000cc400000, 0x00000000cdf9dc10, 0x00000000cdf9de00, 0x00000000cf800000)
 Metaspace       used 69634K, capacity 71728K, committed 71936K, reserved 1112064K
  class space    used 9418K, capacity 10233K, committed 10240K, reserved 1048576K
}
Event: 15,240 GC heap before
{Heap before GC invocations=29 (full 3):
 def new generation   total 24064K, used 24061K [0x00000000b2600000, 0x00000000b4010000, 0x00000000cc400000)
  eden space 21440K, 100% used [0x00000000b2600000, 0x00000000b3af0000, 0x00000000b3af0000)
  from space 2624K,  99% used [0x00000000b3af0000, 0x00000000b3d7f4b0, 0x00000000b3d80000)
  to   space 2624K,   0% used [0x00000000b3d80000, 0x00000000b3d80000, 0x00000000b4010000)
 tenured generation   total 53248K, used 28279K [0x00000000cc400000, 0x00000000cf800000, 0x0000000100000000)
   the space 53248K,  53% used [0x00000000cc400000, 0x00000000cdf9dc10, 0x00000000cdf9de00, 0x00000000cf800000)
 Metaspace       used 71220K, capacity 73376K, committed 73600K, reserved 1112064K
  class space    used 9655K, capacity 10508K, committed 10624K, reserved 1048576K
}
Event: 15,264 GC heap after
{Heap after GC invocations=30 (full 3):
 def new generation   total 24064K, used 1807K [0x00000000b2600000, 0x00000000b4010000, 0x00000000cc400000)
  eden space 21440K,   0% used [0x00000000b2600000, 0x00000000b2600000, 0x00000000b3af0000)
  from space 2624K,  68% used [0x00000000b3d80000, 0x00000000b3f43f58, 0x00000000b4010000)
  to   space 2624K,   0% used [0x00000000b3af0000, 0x00000000b3af0000, 0x00000000b3d80000)
 tenured generation   total 53248K, used 30853K [0x00000000cc400000, 0x00000000cf800000, 0x0000000100000000)
   the space 53248K,  57% used [0x00000000cc400000, 0x00000000ce221558, 0x00000000ce221600, 0x00000000cf800000)
 Metaspace       used 71220K, capacity 73376K, committed 73600K, reserved 1112064K
  class space    used 9655K, capacity 10508K, committed 10624K, reserved 1048576K
}

